<?xml version="1.0" encoding="UTF-8"?>
<testng-results skipped="0" failed="0" total="1" passed="1">
  <reporter-output>
  </reporter-output>
  <suite name="Default suite" duration-ms="48035" started-at="2018-04-05T12:56:39Z" finished-at="2018-04-05T12:57:27Z">
    <groups>
    </groups>
    <test name="Default test" duration-ms="48035" started-at="2018-04-05T12:56:39Z" finished-at="2018-04-05T12:57:27Z">
      <class name="com.e2etesting.TC_001">
        <test-method status="PASS" signature="loginTest()[pri:0, instance:com.e2etesting.TC_001@59fa1d9b]" name="loginTest" duration-ms="48016" started-at="2018-04-05T18:26:39Z" finished-at="2018-04-05T18:27:27Z">
          <reporter-output>
          </reporter-output>
        </test-method> <!-- loginTest -->
      </class> <!-- com.e2etesting.TC_001 -->
    </test> <!-- Default test -->
  </suite> <!-- Default suite -->
</testng-results>
